# JRE version: OpenJDK Runtime Environment (17.0.2+8) (build 17.0.2+8-86)
# Java VM: OpenJDK 64-Bit Server VM (17.0.2+8-86, mixed mode, emulated-client, sharing, tiered, compressed oops, compressed class ptrs, g1 gc, windows-amd64)
GC Precious Log:
 CPUs: 8 total, 8 available
 Memory: 16107M
 Large Page Support: Disabled
 NUMA Support: Disabled
 Compressed Oops: Enabled (Zero based)
 Heap Region Size: 2M
 Heap Min Capacity: 8M
 Heap Initial Capacity: 252M
 Heap Max Capacity: 4028M
 Pre-touch: Disabled
 Parallel Workers: 8
 Concurrent Workers: 2
 Concurrent Refinement Workers: 8
 Periodic GC: Disabled
Heap:
 garbage-first heap   total 655360K, used 385024K [0x0000000704400000, 0x0000000800000000)
  region size 2048K, 10 young (20480K), 10 survivors (20480K)
 Metaspace       used 82659K, committed 83392K, reserved 1122304K
  class space    used 11835K, committed 12160K, reserved 1048576K
GC Heap History (20 events):
Event: 13.301 GC heap after
{Heap after GC invocations=26 (full 0):
 garbage-first heap   total 282624K, used 106248K [0x0000000704400000, 0x0000000800000000)
  region size 2048K, 3 young (6144K), 3 survivors (6144K)
 Metaspace       used 82658K, committed 83392K, reserved 1122304K
  class space    used 11834K, committed 12160K, reserved 1048576K
}
Event: 13.490 GC heap before
{Heap before GC invocations=27 (full 0):
 garbage-first heap   total 282624K, used 194312K [0x0000000704400000, 0x0000000800000000)
  region size 2048K, 46 young (94208K), 3 survivors (6144K)
 Metaspace       used 82658K, committed 83392K, reserved 1122304K
  class space    used 11834K, committed 12160K, reserved 1048576K
}
Event: 13.507 GC heap after
{Heap after GC invocations=28 (full 0):
 garbage-first heap   total 282624K, used 135521K [0x0000000704400000, 0x0000000800000000)
  region size 2048K, 6 young (12288K), 6 survivors (12288K)
 Metaspace       used 82658K, committed 83392K, reserved 1122304K
  class space    used 11834K, committed 12160K, reserved 1048576K
}
Event: 13.638 GC heap before
{Heap before GC invocations=28 (full 0):
 garbage-first heap   total 282624K, used 203105K [0x0000000704400000, 0x0000000800000000)
  region size 2048K, 38 young (77824K), 6 survivors (12288K)
 Metaspace       used 82658K, committed 83392K, reserved 1122304K
  class space    used 11834K, committed 12160K, reserved 1048576K
}
Event: 13.654 GC heap after
{Heap after GC invocations=29 (full 0):
 garbage-first heap   total 282624K, used 161251K [0x0000000704400000, 0x0000000800000000)
  region size 2048K, 5 young (10240K), 5 survivors (10240K)
 Metaspace       used 82658K, committed 83392K, reserved 1122304K
  class space    used 11834K, committed 12160K, reserved 1048576K
}
Event: 13.736 GC heap before
{Heap before GC invocations=29 (full 0):
 garbage-first heap   total 282624K, used 210403K [0x0000000704400000, 0x0000000800000000)
  region size 2048K, 29 young (59392K), 5 survivors (10240K)
 Metaspace       used 82658K, committed 83392K, reserved 1122304K
  class space    used 11834K, committed 12160K, reserved 1048576K
}
Event: 13.748 GC heap after
{Heap after GC invocations=30 (full 0):
 garbage-first heap   total 282624K, used 174080K [0x0000000704400000, 0x0000000800000000)
  region size 2048K, 4 young (8192K), 4 survivors (8192K)
 Metaspace       used 82658K, committed 83392K, reserved 1122304K
  class space    used 11834K, committed 12160K, reserved 1048576K
}
Event: 13.848 GC heap before
{Heap before GC invocations=30 (full 0):
 garbage-first heap   total 327680K, used 202752K [0x0000000704400000, 0x0000000800000000)
  region size 2048K, 25 young (51200K), 4 survivors (8192K)
 Metaspace       used 82658K, committed 83392K, reserved 1122304K
  class space    used 11834K, committed 12160K, reserved 1048576K
}
Event: 13.859 GC heap after
{Heap after GC invocations=31 (full 0):
 garbage-first heap   total 327680K, used 172409K [0x0000000704400000, 0x0000000800000000)
  region size 2048K, 4 young (8192K), 4 survivors (8192K)
 Metaspace       used 82658K, committed 83392K, reserved 1122304K
  class space    used 11834K, committed 12160K, reserved 1048576K
}
Event: 13.989 GC heap before
{Heap before GC invocations=32 (full 0):
 garbage-first heap   total 327680K, used 239993K [0x0000000704400000, 0x0000000800000000)
  region size 2048K, 37 young (75776K), 4 survivors (8192K)
 Metaspace       used 82659K, committed 83392K, reserved 1122304K
  class space    used 11835K, committed 12160K, reserved 1048576K
}
Event: 14.008 GC heap after
{Heap after GC invocations=33 (full 0):
 garbage-first heap   total 327680K, used 197509K [0x0000000704400000, 0x0000000800000000)
  region size 2048K, 5 young (10240K), 5 survivors (10240K)
 Metaspace       used 82659K, committed 83392K, reserved 1122304K
  class space    used 11835K, committed 12160K, reserved 1048576K
}
Event: 14.016 GC heap before
{Heap before GC invocations=33 (full 0):
 garbage-first heap   total 327680K, used 203653K [0x0000000704400000, 0x0000000800000000)
  region size 2048K, 8 young (16384K), 5 survivors (10240K)
 Metaspace       used 82659K, committed 83392K, reserved 1122304K
  class space    used 11835K, committed 12160K, reserved 1048576K
}
Event: 14.043 GC heap after
{Heap after GC invocations=34 (full 0):
 garbage-first heap   total 655360K, used 169407K [0x0000000704400000, 0x0000000800000000)
  region size 2048K, 1 young (2048K), 1 survivors (2048K)
 Metaspace       used 82659K, committed 83392K, reserved 1122304K
  class space    used 11835K, committed 12160K, reserved 1048576K
}
Event: 14.100 GC heap before
{Heap before GC invocations=34 (full 0):
 garbage-first heap   total 655360K, used 200127K [0x0000000704400000, 0x0000000800000000)
  region size 2048K, 16 young (32768K), 1 survivors (2048K)
 Metaspace       used 82659K, committed 83392K, reserved 1122304K
  class space    used 11835K, committed 12160K, reserved 1048576K
}
Event: 14.108 GC heap after
{Heap after GC invocations=35 (full 0):
 garbage-first heap   total 655360K, used 181195K [0x0000000704400000, 0x0000000800000000)
  region size 2048K, 2 young (4096K), 2 survivors (4096K)
 Metaspace       used 82659K, committed 83392K, reserved 1122304K
  class space    used 11835K, committed 12160K, reserved 1048576K
}
Event: 14.638 GC heap before
{Heap before GC invocations=35 (full 0):
 garbage-first heap   total 655360K, used 410571K [0x0000000704400000, 0x0000000800000000)
  region size 2048K, 111 young (227328K), 2 survivors (4096K)
 Metaspace       used 82659K, committed 83392K, reserved 1122304K
  class space    used 11835K, committed 12160K, reserved 1048576K
}
Event: 14.678 GC heap after
{Heap after GC invocations=36 (full 0):
 garbage-first heap   total 655360K, used 270746K [0x0000000704400000, 0x0000000800000000)
  region size 2048K, 14 young (28672K), 14 survivors (28672K)
 Metaspace       used 82659K, committed 83392K, reserved 1122304K
  class space    used 11835K, committed 12160K, reserved 1048576K
}
Event: 15.078 GC heap before
{Heap before GC invocations=36 (full 0):
 garbage-first heap   total 655360K, used 422298K [0x0000000704400000, 0x0000000800000000)
  region size 2048K, 87 young (178176K), 14 survivors (28672K)
 Metaspace       used 82659K, committed 83392K, reserved 1122304K
  class space    used 11835K, committed 12160K, reserved 1048576K
}
Event: 15.119 GC heap after
{Heap after GC invocations=37 (full 0):
 garbage-first heap   total 655360K, used 329728K [0x0000000704400000, 0x0000000800000000)
  region size 2048K, 11 young (22528K), 11 survivors (22528K)
 Metaspace       used 82659K, committed 83392K, reserved 1122304K
  class space    used 11835K, committed 12160K, reserved 1048576K
}
Event: 15.464 GC heap before
{Heap before GC invocations=37 (full 0):
 garbage-first heap   total 655360K, used 462848K [0x0000000704400000, 0x0000000800000000)
  region size 2048K, 74 young (151552K), 11 survivors (22528K)
 Metaspace       used 82659K, committed 83392K, reserved 1122304K
  class space    used 11835K, committed 12160K, reserved 1048576K
}

